

Version:	3.10
CmdLine:	C:\Users\HP\Desktop\PFE\PFE\src\PFE\GUI\Application.exe --l4j-debug
WOW64:		yes
Working dir:	C:\Users\HP\Desktop\PFE\PFE\src\PFE\GUI\.
Java min ver:	1.4.0
Java max ver:	
32-bit search:	SOFTWARE\JavaSoft\Java Runtime Environment...
64-bit search:	SOFTWARE\JavaSoft\Java Runtime Environment...
Check:		SOFTWARE\JavaSoft\Java Runtime Environment\1.8
Check launcher:	C:\Program Files\Java\jre1.8.0_131\bin\javaw.exe (OK)
Match:		1.8
Check:		SOFTWARE\JavaSoft\Java Runtime Environment\1.8.0_131
Check launcher:	C:\Program Files\Java\jre1.8.0_131\bin\javaw.exe (OK)
Match:		1.8.0_131
32-bit search:	SOFTWARE\JavaSoft\Java Development Kit...
64-bit search:	SOFTWARE\JavaSoft\Java Development Kit...
Check:		SOFTWARE\JavaSoft\Java Development Kit\1.8
Ignore:		1.8
Check:		SOFTWARE\JavaSoft\Java Development Kit\1.8.0_131
Ignore:		1.8.0_131
32-bit search:	SOFTWARE\JavaSoft\JRE...
64-bit search:	SOFTWARE\JavaSoft\JRE...
32-bit search:	SOFTWARE\JavaSoft\JDK...
64-bit search:	SOFTWARE\JavaSoft\JDK...
Runtime used:	1.8.0_131 (64-bit)
Launcher:	C:\Program Files\Java\jre1.8.0_131\bin\javaw.exe
Launcher args:	-jar "C:\Users\HP\Desktop\PFE\PFE\src\PFE\GUI\Application.exe"
Args length:	62/32768 chars
Exit code:	0


Version:	3.10
CmdLine:	C:\Users\HP\Desktop\PFE\PFE\src\PFE\GUI\Application.exe --l4j-debug
WOW64:		yes
Working dir:	C:\Users\HP\Desktop\PFE\PFE\src\PFE\GUI\.
Java min ver:	1.4.0
Java max ver:	
32-bit search:	SOFTWARE\JavaSoft\Java Runtime Environment...
64-bit search:	SOFTWARE\JavaSoft\Java Runtime Environment...
Check:		SOFTWARE\JavaSoft\Java Runtime Environment\1.8
Check launcher:	C:\Program Files\Java\jre1.8.0_131\bin\javaw.exe (OK)
Match:		1.8
Check:		SOFTWARE\JavaSoft\Java Runtime Environment\1.8.0_131
Check launcher:	C:\Program Files\Java\jre1.8.0_131\bin\javaw.exe (OK)
Match:		1.8.0_131
32-bit search:	SOFTWARE\JavaSoft\Java Development Kit...
64-bit search:	SOFTWARE\JavaSoft\Java Development Kit...
Check:		SOFTWARE\JavaSoft\Java Development Kit\1.8
Ignore:		1.8
Check:		SOFTWARE\JavaSoft\Java Development Kit\1.8.0_131
Ignore:		1.8.0_131
32-bit search:	SOFTWARE\JavaSoft\JRE...
64-bit search:	SOFTWARE\JavaSoft\JRE...
32-bit search:	SOFTWARE\JavaSoft\JDK...
64-bit search:	SOFTWARE\JavaSoft\JDK...
Runtime used:	1.8.0_131 (64-bit)
Launcher:	C:\Program Files\Java\jre1.8.0_131\bin\javaw.exe
Launcher args:	-jar "C:\Users\HP\Desktop\PFE\PFE\src\PFE\GUI\Application.exe"
Args length:	62/32768 chars
Exit code:	0


Version:	3.10
CmdLine:	C:\Users\HP\Desktop\PFE\PFE\src\PFE\GUI\Application.exe --l4j-debug
WOW64:		yes
Working dir:	C:\Users\HP\Desktop\PFE\PFE\src\PFE\GUI\.
Java min ver:	1.4.0
Java max ver:	
32-bit search:	SOFTWARE\JavaSoft\Java Runtime Environment...
64-bit search:	SOFTWARE\JavaSoft\Java Runtime Environment...
Check:		SOFTWARE\JavaSoft\Java Runtime Environment\1.8
Check launcher:	C:\Program Files\Java\jre1.8.0_131\bin\javaw.exe (OK)
Match:		1.8
Check:		SOFTWARE\JavaSoft\Java Runtime Environment\1.8.0_131
Check launcher:	C:\Program Files\Java\jre1.8.0_131\bin\javaw.exe (OK)
Match:		1.8.0_131
32-bit search:	SOFTWARE\JavaSoft\Java Development Kit...
64-bit search:	SOFTWARE\JavaSoft\Java Development Kit...
Check:		SOFTWARE\JavaSoft\Java Development Kit\1.8
Ignore:		1.8
Check:		SOFTWARE\JavaSoft\Java Development Kit\1.8.0_131
Ignore:		1.8.0_131
32-bit search:	SOFTWARE\JavaSoft\JRE...
64-bit search:	SOFTWARE\JavaSoft\JRE...
32-bit search:	SOFTWARE\JavaSoft\JDK...
64-bit search:	SOFTWARE\JavaSoft\JDK...
Runtime used:	1.8.0_131 (64-bit)
Launcher:	C:\Program Files\Java\jre1.8.0_131\bin\javaw.exe
Launcher args:	-jar "C:\Users\HP\Desktop\PFE\PFE\src\PFE\GUI\Application.exe"
Args length:	62/32768 chars
Exit code:	0


Version:	3.10
CmdLine:	C:\Users\HP\Desktop\PFE\PFE\src\PFE\GUI\Application.exe --l4j-debug
WOW64:		yes
Working dir:	C:\Users\HP\Desktop\PFE\PFE\src\PFE\GUI\.
Java min ver:	1.4.0
Java max ver:	
32-bit search:	SOFTWARE\JavaSoft\Java Runtime Environment...
64-bit search:	SOFTWARE\JavaSoft\Java Runtime Environment...
Check:		SOFTWARE\JavaSoft\Java Runtime Environment\1.8
Check launcher:	C:\Program Files\Java\jre1.8.0_131\bin\javaw.exe (OK)
Match:		1.8
Check:		SOFTWARE\JavaSoft\Java Runtime Environment\1.8.0_131
Check launcher:	C:\Program Files\Java\jre1.8.0_131\bin\javaw.exe (OK)
Match:		1.8.0_131
32-bit search:	SOFTWARE\JavaSoft\Java Development Kit...
64-bit search:	SOFTWARE\JavaSoft\Java Development Kit...
Check:		SOFTWARE\JavaSoft\Java Development Kit\1.8
Ignore:		1.8
Check:		SOFTWARE\JavaSoft\Java Development Kit\1.8.0_131
Ignore:		1.8.0_131
32-bit search:	SOFTWARE\JavaSoft\JRE...
64-bit search:	SOFTWARE\JavaSoft\JRE...
32-bit search:	SOFTWARE\JavaSoft\JDK...
64-bit search:	SOFTWARE\JavaSoft\JDK...
Runtime used:	1.8.0_131 (64-bit)
Launcher:	C:\Program Files\Java\jre1.8.0_131\bin\javaw.exe
Launcher args:	-jar "C:\Users\HP\Desktop\PFE\PFE\src\PFE\GUI\Application.exe"
Args length:	62/32768 chars
Exit code:	0
